<?xml version="1.0" encoding="UTF-8"?>
<testsuite name="com.back.global.RqTest" tests="1" skipped="0" failures="0" errors="0" timestamp="2025-06-15T08:46:25" hostname="namgieun-ui-MacBookAir.local" time="0.03">
  <properties/>
  <testcase name="삭제?id=일번" classname="com.back.global.RqTest" time="0.03"/>
  <system-out><![CDATA[]]></system-out>
  <system-err><![CDATA[]]></system-err>
</testsuite>
